<?xml version="1.0" encoding="UTF-8"?>
<!-- Generated by org.testng.reporters.JUnitReportReporter -->
<testsuite hostname="DESKTOP-HV5JQ04" failures="0" tests="1" name="test.Selenium" time="0.014" errors="0" timestamp="2021-08-01T23:05:45 IST" skipped="0">
  <testcase classname="test.Selenium" name="regPage" time="0.014"/>
  <system-out/>
</testsuite> <!-- test.Selenium -->
