<?xml version="1.0" encoding="UTF-8"?>
<!-- Generated by org.testng.reporters.JUnitReportReporter -->
<testsuite hostname="DESKTOP-HV5JQ04" failures="0" tests="1" name="TestNg.google" time="0.093" errors="0" timestamp="2021-08-01T16:08:40 IST" skipped="0">
  <testcase classname="TestNg.google" name="sigin" time="0.093"/>
  <system-out/>
</testsuite> <!-- TestNg.google -->
