<?xml version="1.0" encoding="UTF-8"?>
<!-- Generated by org.testng.reporters.JUnitReportReporter -->
<testsuite hostname="DESKTOP-HV5JQ04" failures="0" tests="1" name="TestNg.testng" time="0.010" errors="0" timestamp="2021-08-01T21:16:52 IST" skipped="0">
  <testcase classname="TestNg.testng" name="test" time="0.010"/>
  <system-out/>
</testsuite> <!-- TestNg.testng -->
